Vivado Simulator v2022.2
Copyright 1986-1999, 2001-2022 Xilinx, Inc. All Rights Reserved.
Running: /tools/Xilinx/Vivado/2022.2/bin/unwrapped/lnx64.o/xelab --incr --debug typical --relax --mt 8 -L xil_defaultlib -L unisims_ver -L unimacro_ver -L secureip --snapshot scalar_mult_tb_behav xil_defaultlib.scalar_mult_tb xil_defaultlib.glbl -log elaborate.log 
Using 8 slave threads.
Starting static elaboration
Pass Through NonSizing Optimizer
Completed static elaboration
Starting simulation data flow analysis
Completed simulation data flow analysis
Time Resolution for simulation is 1ps
Compiling module xil_defaultlib.dsp_mul
Compiling module xil_defaultlib.finite_multiplier
Compiling module xil_defaultlib.simple_adder
Compiling module xil_defaultlib.simple_subtractor
Compiling module xil_defaultlib.finite_adder
Compiling module xil_defaultlib.finite_subtractor
Compiling module xil_defaultlib.finite_inversion_default
Compiling module xil_defaultlib.scalar_mult
Compiling module xil_defaultlib.scalar_mult_tb
Compiling module xil_defaultlib.glbl
Built simulation snapshot scalar_mult_tb_behav
